<?xml version="1.0" encoding="UTF-8"?>
<testsuite xmlns:xsi="http://www.w3.org/2001/XMLSchema-instance" xsi:noNamespaceSchemaLocation="https://maven.apache.org/surefire/maven-surefire-plugin/xsd/surefire-test-report.xsd" name="Runner.TestRunner" time="207.142" tests="5" errors="0" skipped="0" failures="3">
  <properties>
[...]
</properties>
  <testcase name="feature" classname="Runner.TestRunner" time="39.603">
    <failure message="java.lang.AssertionError: expected:&lt;131&gt; but was:&lt;126&gt;" type="cucumber.runtime.CucumberException"><![CDATA[cucumber.runtime.CucumberException: java.lang.AssertionError: expected:<131> but was:<126>
Caused by: java.lang.AssertionError: expected:<131> but was:<126>
]]></failure>
    <system-out><![CDATA[Opening the Browser: Chrome
Validating Employees count Match
Closing the Browser
]]></system-out>
    <system-err><![CDATA[Starting ChromeDriver 2.37.544315 (730aa6a5fdba159ac9f4c1e8cbc59bf1b5ce12b7) on port 27757
Only local connections are allowed.
Aug 24, 2018 11:02:27 PM org.openqa.selenium.remote.ProtocolHandshake createSession
INFO: Detected dialect: OSS
]]></system-err>
  </testcase>
  <testcase name="feature" classname="Runner.TestRunner" time="40.226">
    <failure message="java.lang.AssertionError: expected:&lt;0&gt; but was:&lt;5&gt;" type="cucumber.runtime.CucumberException"><![CDATA[cucumber.runtime.CucumberException: java.lang.AssertionError: expected:<0> but was:<5>
Caused by: java.lang.AssertionError: expected:<0> but was:<5>
]]></failure>
    <system-out><![CDATA[Opening the Browser: Chrome
Validating Employee Names match
Closing the Browser
]]></system-out>
    <system-err><![CDATA[Starting ChromeDriver 2.37.544315 (730aa6a5fdba159ac9f4c1e8cbc59bf1b5ce12b7) on port 38162
Only local connections are allowed.
Aug 24, 2018 11:03:06 PM org.openqa.selenium.remote.ProtocolHandshake createSession
INFO: Detected dialect: OSS
]]></system-err>
  </testcase>
  <testcase name="feature" classname="Runner.TestRunner" time="41.075"/>
  <testcase name="feature" classname="Runner.TestRunner" time="46.878"/>
  <testcase name="feature" classname="Runner.TestRunner" time="37.869">
    <failure message="java.lang.AssertionError: expected:&lt;0&gt; but was:&lt;4&gt;" type="cucumber.runtime.CucumberException"><![CDATA[cucumber.runtime.CucumberException: java.lang.AssertionError: expected:<0> but was:<4>
Caused by: java.lang.AssertionError: expected:<0> but was:<4>
]]></failure>
    <system-out><![CDATA[Opening the Browser: Chrome
Validating Main department Sections Match
Closing the Browser
]]></system-out>
    <system-err><![CDATA[Starting ChromeDriver 2.37.544315 (730aa6a5fdba159ac9f4c1e8cbc59bf1b5ce12b7) on port 31183
Only local connections are allowed.
Aug 24, 2018 11:05:14 PM org.openqa.selenium.remote.ProtocolHandshake createSession
INFO: Detected dialect: OSS
]]></system-err>
  </testcase>
</testsuite>